Determining if the pthread_create exist failed with the following output:
Change Dir: /home/hamko/ros_tutorial/1_HelloWorld/build/CMakeFiles/CMakeTmp

Run Build Command:/usr/bin/make "cmTryCompileExec3055692865/fast"
/usr/bin/make -f CMakeFiles/cmTryCompileExec3055692865.dir/build.make CMakeFiles/cmTryCompileExec3055692865.dir/build
make[1]: ディレクトリ `/home/hamko/ros_tutorial/1_HelloWorld/build/CMakeFiles/CMakeTmp' に入ります
/usr/bin/cmake -E cmake_progress_report /home/hamko/ros_tutorial/1_HelloWorld/build/CMakeFiles/CMakeTmp/CMakeFiles 1
Building C object CMakeFiles/cmTryCompileExec3055692865.dir/CheckSymbolExists.c.o
/usr/bin/cc    -o CMakeFiles/cmTryCompileExec3055692865.dir/CheckSymbolExists.c.o   -c /home/hamko/ros_tutorial/1_HelloWorld/build/CMakeFiles/CMakeTmp/CheckSymbolExists.c
Linking C executable cmTryCompileExec3055692865
/usr/bin/cmake -E cmake_link_script CMakeFiles/cmTryCompileExec3055692865.dir/link.txt --verbose=1
/usr/bin/cc       CMakeFiles/cmTryCompileExec3055692865.dir/CheckSymbolExists.c.o  -o cmTryCompileExec3055692865 -rdynamic 
CMakeFiles/cmTryCompileExec3055692865.dir/CheckSymbolExists.c.o: 関数 `main' 内:
CheckSymbolExists.c:(.text+0x16): `pthread_create' に対する定義されていない参照です
collect2: error: ld returned 1 exit status
make[1]: *** [cmTryCompileExec3055692865] エラー 1
make[1]: ディレクトリ `/home/hamko/ros_tutorial/1_HelloWorld/build/CMakeFiles/CMakeTmp' から出ます
make: *** [cmTryCompileExec3055692865/fast] エラー 2

File /home/hamko/ros_tutorial/1_HelloWorld/build/CMakeFiles/CMakeTmp/CheckSymbolExists.c:
/* */
#include <pthread.h>

int main(int argc, char** argv)
{
  (void)argv;
#ifndef pthread_create
  return ((int*)(&pthread_create))[argc];
#else
  (void)argc;
  return 0;
#endif
}

Determining if the function pthread_create exists in the pthreads failed with the following output:
Change Dir: /home/hamko/ros_tutorial/1_HelloWorld/build/CMakeFiles/CMakeTmp

Run Build Command:/usr/bin/make "cmTryCompileExec2451107760/fast"
/usr/bin/make -f CMakeFiles/cmTryCompileExec2451107760.dir/build.make CMakeFiles/cmTryCompileExec2451107760.dir/build
make[1]: ディレクトリ `/home/hamko/ros_tutorial/1_HelloWorld/build/CMakeFiles/CMakeTmp' に入ります
/usr/bin/cmake -E cmake_progress_report /home/hamko/ros_tutorial/1_HelloWorld/build/CMakeFiles/CMakeTmp/CMakeFiles 1
Building C object CMakeFiles/cmTryCompileExec2451107760.dir/CheckFunctionExists.c.o
/usr/bin/cc   -DCHECK_FUNCTION_EXISTS=pthread_create   -o CMakeFiles/cmTryCompileExec2451107760.dir/CheckFunctionExists.c.o   -c /usr/share/cmake-2.8/Modules/CheckFunctionExists.c
Linking C executable cmTryCompileExec2451107760
/usr/bin/cmake -E cmake_link_script CMakeFiles/cmTryCompileExec2451107760.dir/link.txt --verbose=1
/usr/bin/cc   -DCHECK_FUNCTION_EXISTS=pthread_create    CMakeFiles/cmTryCompileExec2451107760.dir/CheckFunctionExists.c.o  -o cmTryCompileExec2451107760 -rdynamic -lpthreads 
/usr/bin/ld: -lpthreads が見つかりません
collect2: error: ld returned 1 exit status
make[1]: *** [cmTryCompileExec2451107760] エラー 1
make[1]: ディレクトリ `/home/hamko/ros_tutorial/1_HelloWorld/build/CMakeFiles/CMakeTmp' から出ます
make: *** [cmTryCompileExec2451107760/fast] エラー 2


